# JRE version: Java(TM) SE Runtime Environment (8.0_231-b11) (build 1.8.0_231-b11)
# Java VM: Java HotSpot(TM) 64-Bit Server VM (25.231-b11 mixed mode windows-amd64 compressed oops)
Heap:
 PSYoungGen      total 329216K, used 178334K [0x00000000d5d00000, 0x00000000ebc00000, 0x0000000100000000)
  eden space 320512K, 54% used [0x00000000d5d00000,0x00000000e07b4470,0x00000000e9600000)
  from space 8704K, 40% used [0x00000000eb380000,0x00000000eb6f34f8,0x00000000ebc00000)
  to   space 19456K, 0% used [0x00000000e9600000,0x00000000e9600000,0x00000000ea900000)
 ParOldGen       total 122368K, used 27726K [0x0000000081600000, 0x0000000088d80000, 0x00000000d5d00000)
  object space 122368K, 22% used [0x0000000081600000,0x00000000831139c8,0x0000000088d80000)
 Metaspace       used 59856K, capacity 60336K, committed 60952K, reserved 1103872K
  class space    used 7270K, capacity 7384K, committed 7472K, reserved 1048576K
GC Heap History (10 events):
Event: 92500.095 GC heap before
{Heap before GC invocations=13 (full 2):
 PSYoungGen      total 232960K, used 164381K [0x00000000d5d00000, 0x00000000e5600000, 0x0000000100000000)
  eden space 215552K, 68% used [0x00000000d5d00000,0x00000000dec8aeb8,0x00000000e2f80000)
  from space 17408K, 99% used [0x00000000e4280000,0x00000000e537c5b0,0x00000000e5380000)
  to   space 19456K, 0% used [0x00000000e2f80000,0x00000000e2f80000,0x00000000e4280000)
 ParOldGen       total 94720K, used 22284K [0x0000000081600000, 0x0000000087280000, 0x00000000d5d00000)
  object space 94720K, 23% used [0x0000000081600000,0x0000000082bc3308,0x0000000087280000)
 Metaspace       used 58429K, capacity 58964K, committed 59160K, reserved 1101824K
  class space    used 7288K, capacity 7431K, committed 7472K, reserved 1048576K
Event: 92500.131 GC heap after
Heap after GC invocations=13 (full 2):
 PSYoungGen      total 235008K, used 5616K [0x00000000d5d00000, 0x00000000e8a80000, 0x0000000100000000)
  eden space 215552K, 0% used [0x00000000d5d00000,0x00000000d5d00000,0x00000000e2f80000)
  from space 19456K, 28% used [0x00000000e2f80000,0x00000000e34fc3f8,0x00000000e4280000)
  to   space 19456K, 0% used [0x00000000e7780000,0x00000000e7780000,0x00000000e8a80000)
 ParOldGen       total 94720K, used 32828K [0x0000000081600000, 0x0000000087280000, 0x00000000d5d00000)
  object space 94720K, 34% used [0x0000000081600000,0x000000008360f3a8,0x0000000087280000)
 Metaspace       used 58429K, capacity 58964K, committed 59160K, reserved 1101824K
  class space    used 7288K, capacity 7431K, committed 7472K, reserved 1048576K
}
Event: 92500.131 GC heap before
{Heap before GC invocations=14 (full 3):
 PSYoungGen      total 235008K, used 5616K [0x00000000d5d00000, 0x00000000e8a80000, 0x0000000100000000)
  eden space 215552K, 0% used [0x00000000d5d00000,0x00000000d5d00000,0x00000000e2f80000)
  from space 19456K, 28% used [0x00000000e2f80000,0x00000000e34fc3f8,0x00000000e4280000)
  to   space 19456K, 0% used [0x00000000e7780000,0x00000000e7780000,0x00000000e8a80000)
 ParOldGen       total 94720K, used 32828K [0x0000000081600000, 0x0000000087280000, 0x00000000d5d00000)
  object space 94720K, 34% used [0x0000000081600000,0x000000008360f3a8,0x0000000087280000)
 Metaspace       used 58429K, capacity 58964K, committed 59160K, reserved 1101824K
  class space    used 7288K, capacity 7431K, committed 7472K, reserved 1048576K
Event: 92500.353 GC heap after
Heap after GC invocations=14 (full 3):
 PSYoungGen      total 235008K, used 0K [0x00000000d5d00000, 0x00000000e8a80000, 0x0000000100000000)
  eden space 215552K, 0% used [0x00000000d5d00000,0x00000000d5d00000,0x00000000e2f80000)
  from space 19456K, 0% used [0x00000000e2f80000,0x00000000e2f80000,0x00000000e4280000)
  to   space 19456K, 0% used [0x00000000e7780000,0x00000000e7780000,0x00000000e8a80000)
 ParOldGen       total 122368K, used 27702K [0x0000000081600000, 0x0000000088d80000, 0x00000000d5d00000)
  object space 122368K, 22% used [0x0000000081600000,0x000000008310d9c8,0x0000000088d80000)
 Metaspace       used 58267K, capacity 58706K, committed 59160K, reserved 1101824K
  class space    used 7261K, capacity 7381K, committed 7472K, reserved 1048576K
}
Event: 92527.154 GC heap before
{Heap before GC invocations=15 (full 3):
 PSYoungGen      total 235008K, used 215552K [0x00000000d5d00000, 0x00000000e8a80000, 0x0000000100000000)
  eden space 215552K, 100% used [0x00000000d5d00000,0x00000000e2f80000,0x00000000e2f80000)
  from space 19456K, 0% used [0x00000000e2f80000,0x00000000e2f80000,0x00000000e4280000)
  to   space 19456K, 0% used [0x00000000e7780000,0x00000000e7780000,0x00000000e8a80000)
 ParOldGen       total 122368K, used 27702K [0x0000000081600000, 0x0000000088d80000, 0x00000000d5d00000)
  object space 122368K, 22% used [0x0000000081600000,0x000000008310d9c8,0x0000000088d80000)
 Metaspace       used 59777K, capacity 60272K, committed 60696K, reserved 1101824K
  class space    used 7264K, capacity 7384K, committed 7472K, reserved 1048576K
Event: 92527.168 GC heap after
Heap after GC invocations=15 (full 3):
 PSYoungGen      total 288768K, used 1111K [0x00000000d5d00000, 0x00000000e8f00000, 0x0000000100000000)
  eden space 269312K, 0% used [0x00000000d5d00000,0x00000000d5d00000,0x00000000e6400000)
  from space 19456K, 5% used [0x00000000e7780000,0x00000000e7895de0,0x00000000e8a80000)
  to   space 19968K, 0% used [0x00000000e6400000,0x00000000e6400000,0x00000000e7780000)
 ParOldGen       total 122368K, used 27710K [0x0000000081600000, 0x0000000088d80000, 0x00000000d5d00000)
  object space 122368K, 22% used [0x0000000081600000,0x000000008310f9c8,0x0000000088d80000)
 Metaspace       used 59777K, capacity 60272K, committed 60696K, reserved 1101824K
  class space    used 7264K, capacity 7384K, committed 7472K, reserved 1048576K
}
Event: 92563.226 GC heap before
{Heap before GC invocations=16 (full 3):
 PSYoungGen      total 288768K, used 270423K [0x00000000d5d00000, 0x00000000e8f00000, 0x0000000100000000)
  eden space 269312K, 100% used [0x00000000d5d00000,0x00000000e6400000,0x00000000e6400000)
  from space 19456K, 5% used [0x00000000e7780000,0x00000000e7895de0,0x00000000e8a80000)
  to   space 19968K, 0% used [0x00000000e6400000,0x00000000e6400000,0x00000000e7780000)
 ParOldGen       total 122368K, used 27710K [0x0000000081600000, 0x0000000088d80000, 0x00000000d5d00000)
  object space 122368K, 22% used [0x0000000081600000,0x000000008310f9c8,0x0000000088d80000)
 Metaspace       used 59817K, capacity 60336K, committed 60952K, reserved 1103872K
  class space    used 7268K, capacity 7384K, committed 7472K, reserved 1048576K
Event: 92563.233 GC heap after
Heap after GC invocations=16 (full 3):
 PSYoungGen      total 289280K, used 2445K [0x00000000d5d00000, 0x00000000ec700000, 0x0000000100000000)
  eden space 269312K, 0% used [0x00000000d5d00000,0x00000000d5d00000,0x00000000e6400000)
  from space 19968K, 12% used [0x00000000e6400000,0x00000000e6663508,0x00000000e7780000)
  to   space 19968K, 0% used [0x00000000eb380000,0x00000000eb380000,0x00000000ec700000)
 ParOldGen       total 122368K, used 27718K [0x0000000081600000, 0x0000000088d80000, 0x00000000d5d00000)
  object space 122368K, 22% used [0x0000000081600000,0x00000000831119c8,0x0000000088d80000)
 Metaspace       used 59817K, capacity 60336K, committed 60952K, reserved 1103872K
  class space    used 7268K, capacity 7384K, committed 7472K, reserved 1048576K
}
Event: 92603.038 GC heap before
{Heap before GC invocations=17 (full 3):
 PSYoungGen      total 289280K, used 271757K [0x00000000d5d00000, 0x00000000ec700000, 0x0000000100000000)
  eden space 269312K, 100% used [0x00000000d5d00000,0x00000000e6400000,0x00000000e6400000)
  from space 19968K, 12% used [0x00000000e6400000,0x00000000e6663508,0x00000000e7780000)
  to   space 19968K, 0% used [0x00000000eb380000,0x00000000eb380000,0x00000000ec700000)
 ParOldGen       total 122368K, used 27718K [0x0000000081600000, 0x0000000088d80000, 0x00000000d5d00000)
  object space 122368K, 22% used [0x0000000081600000,0x00000000831119c8,0x0000000088d80000)
 Metaspace       used 59836K, capacity 60336K, committed 60952K, reserved 1103872K
  class space    used 7269K, capacity 7384K, committed 7472K, reserved 1048576K
Event: 92603.045 GC heap after
Heap after GC invocations=17 (full 3):
 PSYoungGen      total 329216K, used 3533K [0x00000000d5d00000, 0x00000000ebc00000, 0x0000000100000000)
  eden space 320512K, 0% used [0x00000000d5d00000,0x00000000d5d00000,0x00000000e9600000)
  from space 8704K, 40% used [0x00000000eb380000,0x00000000eb6f34f8,0x00000000ebc00000)
  to   space 19456K, 0% used [0x00000000e9600000,0x00000000e9600000,0x00000000ea900000)
 ParOldGen       total 122368K, used 27726K [0x0000000081600000, 0x0000000088d80000, 0x00000000d5d00000)
  object space 122368K, 22% used [0x0000000081600000,0x00000000831139c8,0x0000000088d80000)
 Metaspace       used 59836K, capacity 60336K, committed 60952K, reserved 1103872K
  class space    used 7269K, capacity 7384K, committed 7472K, reserved 1048576K
}

