# JRE version: Java(TM) SE Runtime Environment (8.0_231-b11) (build 1.8.0_231-b11)
# Java VM: Java HotSpot(TM) 64-Bit Server VM (25.231-b11 mixed mode windows-amd64 compressed oops)
Heap:
 PSYoungGen      total 198656K, used 125312K [0x00000000d5d00000, 0x00000000e3280000, 0x0000000100000000)
  eden space 185344K, 67% used [0x00000000d5d00000,0x00000000dd760218,0x00000000e1200000)
  from space 13312K, 0% used [0x00000000e2080000,0x00000000e2080000,0x00000000e2d80000)
  to   space 14848K, 0% used [0x00000000e1200000,0x00000000e1200000,0x00000000e2080000)
 ParOldGen       total 84480K, used 21812K [0x0000000081600000, 0x0000000086880000, 0x00000000d5d00000)
  object space 84480K, 25% used [0x0000000081600000,0x0000000082b4d0c8,0x0000000086880000)
 Metaspace       used 45047K, capacity 45488K, committed 45872K, reserved 1089536K
  class space    used 5760K, capacity 5875K, committed 5936K, reserved 1048576K
GC Heap History (10 events):
Event: 7.829 GC heap before
{Heap before GC invocations=6 (full 1):
 PSYoungGen      total 71680K, used 66560K [0x00000000d5d00000, 0x00000000da800000, 0x0000000100000000)
  eden space 66560K, 100% used [0x00000000d5d00000,0x00000000d9e00000,0x00000000d9e00000)
  from space 5120K, 0% used [0x00000000da300000,0x00000000da300000,0x00000000da800000)
  to   space 5120K, 0% used [0x00000000d9e00000,0x00000000d9e00000,0x00000000da300000)
 ParOldGen       total 53760K, used 7656K [0x0000000081600000, 0x0000000084a80000, 0x00000000d5d00000)
  object space 53760K, 14% used [0x0000000081600000,0x0000000081d7a0f8,0x0000000084a80000)
 Metaspace       used 23875K, capacity 24198K, committed 24368K, reserved 1071104K
  class space    used 2913K, capacity 3004K, committed 3120K, reserved 1048576K
Event: 7.839 GC heap after
Heap after GC invocations=6 (full 1):
 PSYoungGen      total 71680K, used 5091K [0x00000000d5d00000, 0x00000000dde00000, 0x0000000100000000)
  eden space 66560K, 0% used [0x00000000d5d00000,0x00000000d5d00000,0x00000000d9e00000)
  from space 5120K, 99% used [0x00000000d9e00000,0x00000000da2f8c60,0x00000000da300000)
  to   space 9216K, 0% used [0x00000000dd500000,0x00000000dd500000,0x00000000dde00000)
 ParOldGen       total 53760K, used 9114K [0x0000000081600000, 0x0000000084a80000, 0x00000000d5d00000)
  object space 53760K, 16% used [0x0000000081600000,0x0000000081ee6828,0x0000000084a80000)
 Metaspace       used 23875K, capacity 24198K, committed 24368K, reserved 1071104K
  class space    used 2913K, capacity 3004K, committed 3120K, reserved 1048576K
}
Event: 9.031 GC heap before
{Heap before GC invocations=7 (full 1):
 PSYoungGen      total 71680K, used 71651K [0x00000000d5d00000, 0x00000000dde00000, 0x0000000100000000)
  eden space 66560K, 100% used [0x00000000d5d00000,0x00000000d9e00000,0x00000000d9e00000)
  from space 5120K, 99% used [0x00000000d9e00000,0x00000000da2f8c60,0x00000000da300000)
  to   space 9216K, 0% used [0x00000000dd500000,0x00000000dd500000,0x00000000dde00000)
 ParOldGen       total 53760K, used 9114K [0x0000000081600000, 0x0000000084a80000, 0x00000000d5d00000)
  object space 53760K, 16% used [0x0000000081600000,0x0000000081ee6828,0x0000000084a80000)
 Metaspace       used 27008K, capacity 27348K, committed 27568K, reserved 1073152K
  class space    used 3320K, capacity 3401K, committed 3504K, reserved 1048576K
Event: 9.082 GC heap after
Heap after GC invocations=7 (full 1):
 PSYoungGen      total 120832K, used 7097K [0x00000000d5d00000, 0x00000000ddd00000, 0x0000000100000000)
  eden space 112640K, 0% used [0x00000000d5d00000,0x00000000d5d00000,0x00000000dcb00000)
  from space 8192K, 86% used [0x00000000dd500000,0x00000000ddbee568,0x00000000ddd00000)
  to   space 9216K, 0% used [0x00000000dcb00000,0x00000000dcb00000,0x00000000dd400000)
 ParOldGen       total 53760K, used 9114K [0x0000000081600000, 0x0000000084a80000, 0x00000000d5d00000)
  object space 53760K, 16% used [0x0000000081600000,0x0000000081ee6828,0x0000000084a80000)
 Metaspace       used 27008K, capacity 27348K, committed 27568K, reserved 1073152K
  class space    used 3320K, capacity 3401K, committed 3504K, reserved 1048576K
}
Event: 11.673 GC heap before
{Heap before GC invocations=8 (full 1):
 PSYoungGen      total 120832K, used 119737K [0x00000000d5d00000, 0x00000000ddd00000, 0x0000000100000000)
  eden space 112640K, 100% used [0x00000000d5d00000,0x00000000dcb00000,0x00000000dcb00000)
  from space 8192K, 86% used [0x00000000dd500000,0x00000000ddbee568,0x00000000ddd00000)
  to   space 9216K, 0% used [0x00000000dcb00000,0x00000000dcb00000,0x00000000dd400000)
 ParOldGen       total 53760K, used 9114K [0x0000000081600000, 0x0000000084a80000, 0x00000000d5d00000)
  object space 53760K, 16% used [0x0000000081600000,0x0000000081ee6828,0x0000000084a80000)
 Metaspace       used 31958K, capacity 32364K, committed 32560K, reserved 1077248K
  class space    used 3930K, capacity 4045K, committed 4144K, reserved 1048576K
Event: 11.738 GC heap after
Heap after GC invocations=8 (full 1):
 PSYoungGen      total 121856K, used 9184K [0x00000000d5d00000, 0x00000000e2d80000, 0x0000000100000000)
  eden space 112640K, 0% used [0x00000000d5d00000,0x00000000d5d00000,0x00000000dcb00000)
  from space 9216K, 99% used [0x00000000dcb00000,0x00000000dd3f8040,0x00000000dd400000)
  to   space 13312K, 0% used [0x00000000e2080000,0x00000000e2080000,0x00000000e2d80000)
 ParOldGen       total 53760K, used 15607K [0x0000000081600000, 0x0000000084a80000, 0x00000000d5d00000)
  object space 53760K, 29% used [0x0000000081600000,0x000000008253dc28,0x0000000084a80000)
 Metaspace       used 31958K, capacity 32364K, committed 32560K, reserved 1077248K
  class space    used 3930K, capacity 4045K, committed 4144K, reserved 1048576K
}
Event: 12.681 GC heap before
{Heap before GC invocations=9 (full 1):
 PSYoungGen      total 121856K, used 53812K [0x00000000d5d00000, 0x00000000e2d80000, 0x0000000100000000)
  eden space 112640K, 39% used [0x00000000d5d00000,0x00000000d8895370,0x00000000dcb00000)
  from space 9216K, 99% used [0x00000000dcb00000,0x00000000dd3f8040,0x00000000dd400000)
  to   space 13312K, 0% used [0x00000000e2080000,0x00000000e2080000,0x00000000e2d80000)
 ParOldGen       total 53760K, used 15607K [0x0000000081600000, 0x0000000084a80000, 0x00000000d5d00000)
  object space 53760K, 29% used [0x0000000081600000,0x000000008253dc28,0x0000000084a80000)
 Metaspace       used 34868K, capacity 35192K, committed 35496K, reserved 1081344K
  class space    used 4211K, capacity 4303K, committed 4400K, reserved 1048576K
Event: 12.738 GC heap after
Heap after GC invocations=9 (full 1):
 PSYoungGen      total 198656K, used 12773K [0x00000000d5d00000, 0x00000000e3280000, 0x0000000100000000)
  eden space 185344K, 0% used [0x00000000d5d00000,0x00000000d5d00000,0x00000000e1200000)
  from space 13312K, 95% used [0x00000000e2080000,0x00000000e2cf9678,0x00000000e2d80000)
  to   space 14848K, 0% used [0x00000000e1200000,0x00000000e1200000,0x00000000e2080000)
 ParOldGen       total 53760K, used 15615K [0x0000000081600000, 0x0000000084a80000, 0x00000000d5d00000)
  object space 53760K, 29% used [0x0000000081600000,0x000000008253fc28,0x0000000084a80000)
 Metaspace       used 34868K, capacity 35192K, committed 35496K, reserved 1081344K
  class space    used 4211K, capacity 4303K, committed 4400K, reserved 1048576K
}
Event: 12.738 GC heap before
{Heap before GC invocations=10 (full 2):
 PSYoungGen      total 198656K, used 12773K [0x00000000d5d00000, 0x00000000e3280000, 0x0000000100000000)
  eden space 185344K, 0% used [0x00000000d5d00000,0x00000000d5d00000,0x00000000e1200000)
  from space 13312K, 95% used [0x00000000e2080000,0x00000000e2cf9678,0x00000000e2d80000)
  to   space 14848K, 0% used [0x00000000e1200000,0x00000000e1200000,0x00000000e2080000)
 ParOldGen       total 53760K, used 15615K [0x0000000081600000, 0x0000000084a80000, 0x00000000d5d00000)
  object space 53760K, 29% used [0x0000000081600000,0x000000008253fc28,0x0000000084a80000)
 Metaspace       used 34868K, capacity 35192K, committed 35496K, reserved 1081344K
  class space    used 4211K, capacity 4303K, committed 4400K, reserved 1048576K
Event: 12.914 GC heap after
Heap after GC invocations=10 (full 2):
 PSYoungGen      total 198656K, used 0K [0x00000000d5d00000, 0x00000000e3280000, 0x0000000100000000)
  eden space 185344K, 0% used [0x00000000d5d00000,0x00000000d5d00000,0x00000000e1200000)
  from space 13312K, 0% used [0x00000000e2080000,0x00000000e2080000,0x00000000e2d80000)
  to   space 14848K, 0% used [0x00000000e1200000,0x00000000e1200000,0x00000000e2080000)
 ParOldGen       total 84480K, used 21812K [0x0000000081600000, 0x0000000086880000, 0x00000000d5d00000)
  object space 84480K, 25% used [0x0000000081600000,0x0000000082b4d0c8,0x0000000086880000)
 Metaspace       used 34868K, capacity 35192K, committed 35496K, reserved 1081344K
  class space    used 4211K, capacity 4303K, committed 4400K, reserved 1048576K
}

