# JRE version: Java(TM) SE Runtime Environment (8.0_231-b11) (build 1.8.0_231-b11)
# Java VM: Java HotSpot(TM) 64-Bit Server VM (25.231-b11 mixed mode windows-amd64 compressed oops)
Heap:
 PSYoungGen      total 186368K, used 44869K [0x00000000d5d00000, 0x00000000e4e00000, 0x0000000100000000)
  eden space 169472K, 16% used [0x00000000d5d00000,0x00000000d7856b08,0x00000000e0280000)
  from space 16896K, 99% used [0x00000000e0280000,0x00000000e12fabf0,0x00000000e1300000)
  to   space 18944K, 0% used [0x00000000e3b80000,0x00000000e3b80000,0x00000000e4e00000)
 ParOldGen       total 107520K, used 22923K [0x0000000081600000, 0x0000000087f00000, 0x00000000d5d00000)
  object space 107520K, 21% used [0x0000000081600000,0x0000000082c62d30,0x0000000087f00000)
 Metaspace       used 58187K, capacity 58804K, committed 59160K, reserved 1101824K
  class space    used 7244K, capacity 7399K, committed 7472K, reserved 1048576K
GC Heap History (10 events):
Event: 7.454 GC heap before
{Heap before GC invocations=9 (full 1):
 PSYoungGen      total 105472K, used 71057K [0x00000000d5d00000, 0x00000000dfb80000, 0x0000000100000000)
  eden space 96256K, 64% used [0x00000000d5d00000,0x00000000d996c6c8,0x00000000dbb00000)
  from space 9216K, 99% used [0x00000000dbb00000,0x00000000dc3f80a0,0x00000000dc400000)
  to   space 12800K, 0% used [0x00000000def00000,0x00000000def00000,0x00000000dfb80000)
 ParOldGen       total 62976K, used 14617K [0x0000000081600000, 0x0000000085380000, 0x00000000d5d00000)
  object space 62976K, 23% used [0x0000000081600000,0x00000000824465d8,0x0000000085380000)
 Metaspace       used 34892K, capacity 35224K, committed 35496K, reserved 1081344K
  class space    used 4232K, capacity 4335K, committed 4400K, reserved 1048576K
Event: 7.472 GC heap after
Heap after GC invocations=9 (full 1):
 PSYoungGen      total 147456K, used 12786K [0x00000000d5d00000, 0x00000000e0100000, 0x0000000100000000)
  eden space 134656K, 0% used [0x00000000d5d00000,0x00000000d5d00000,0x00000000de080000)
  from space 12800K, 99% used [0x00000000def00000,0x00000000dfb7c878,0x00000000dfb80000)
  to   space 14848K, 0% used [0x00000000de080000,0x00000000de080000,0x00000000def00000)
 ParOldGen       total 62976K, used 15599K [0x0000000081600000, 0x0000000085380000, 0x00000000d5d00000)
  object space 62976K, 24% used [0x0000000081600000,0x000000008253be20,0x0000000085380000)
 Metaspace       used 34892K, capacity 35224K, committed 35496K, reserved 1081344K
  class space    used 4232K, capacity 4335K, committed 4400K, reserved 1048576K
}
Event: 7.472 GC heap before
{Heap before GC invocations=10 (full 2):
 PSYoungGen      total 147456K, used 12786K [0x00000000d5d00000, 0x00000000e0100000, 0x0000000100000000)
  eden space 134656K, 0% used [0x00000000d5d00000,0x00000000d5d00000,0x00000000de080000)
  from space 12800K, 99% used [0x00000000def00000,0x00000000dfb7c878,0x00000000dfb80000)
  to   space 14848K, 0% used [0x00000000de080000,0x00000000de080000,0x00000000def00000)
 ParOldGen       total 62976K, used 15599K [0x0000000081600000, 0x0000000085380000, 0x00000000d5d00000)
  object space 62976K, 24% used [0x0000000081600000,0x000000008253be20,0x0000000085380000)
 Metaspace       used 34892K, capacity 35224K, committed 35496K, reserved 1081344K
  class space    used 4232K, capacity 4335K, committed 4400K, reserved 1048576K
Event: 7.579 GC heap after
Heap after GC invocations=10 (full 2):
 PSYoungGen      total 147456K, used 0K [0x00000000d5d00000, 0x00000000e0100000, 0x0000000100000000)
  eden space 134656K, 0% used [0x00000000d5d00000,0x00000000d5d00000,0x00000000de080000)
  from space 12800K, 0% used [0x00000000def00000,0x00000000def00000,0x00000000dfb80000)
  to   space 14848K, 0% used [0x00000000de080000,0x00000000de080000,0x00000000def00000)
 ParOldGen       total 107520K, used 22205K [0x0000000081600000, 0x0000000087f00000, 0x00000000d5d00000)
  object space 107520K, 20% used [0x0000000081600000,0x0000000082baf758,0x0000000087f00000)
 Metaspace       used 34892K, capacity 35224K, committed 35496K, reserved 1081344K
  class space    used 4232K, capacity 4335K, committed 4400K, reserved 1048576K
}
Event: 9.861 GC heap before
{Heap before GC invocations=11 (full 2):
 PSYoungGen      total 147456K, used 134656K [0x00000000d5d00000, 0x00000000e0100000, 0x0000000100000000)
  eden space 134656K, 100% used [0x00000000d5d00000,0x00000000de080000,0x00000000de080000)
  from space 12800K, 0% used [0x00000000def00000,0x00000000def00000,0x00000000dfb80000)
  to   space 14848K, 0% used [0x00000000de080000,0x00000000de080000,0x00000000def00000)
 ParOldGen       total 107520K, used 22205K [0x0000000081600000, 0x0000000087f00000, 0x00000000d5d00000)
  object space 107520K, 20% used [0x0000000081600000,0x0000000082baf758,0x0000000087f00000)
 Metaspace       used 45967K, capacity 46370K, committed 46768K, reserved 1089536K
  class space    used 5911K, capacity 6038K, committed 6064K, reserved 1048576K
Event: 9.927 GC heap after
Heap after GC invocations=11 (full 2):
 PSYoungGen      total 149504K, used 13508K [0x00000000d5d00000, 0x00000000e2480000, 0x0000000100000000)
  eden space 134656K, 0% used [0x00000000d5d00000,0x00000000d5d00000,0x00000000de080000)
  from space 14848K, 90% used [0x00000000de080000,0x00000000dedb1338,0x00000000def00000)
  to   space 16384K, 0% used [0x00000000e1480000,0x00000000e1480000,0x00000000e2480000)
 ParOldGen       total 107520K, used 22213K [0x0000000081600000, 0x0000000087f00000, 0x00000000d5d00000)
  object space 107520K, 20% used [0x0000000081600000,0x0000000082bb1758,0x0000000087f00000)
 Metaspace       used 45967K, capacity 46370K, committed 46768K, reserved 1089536K
  class space    used 5911K, capacity 6038K, committed 6064K, reserved 1048576K
}
Event: 11.180 GC heap before
{Heap before GC invocations=12 (full 2):
 PSYoungGen      total 149504K, used 148164K [0x00000000d5d00000, 0x00000000e2480000, 0x0000000100000000)
  eden space 134656K, 100% used [0x00000000d5d00000,0x00000000de080000,0x00000000de080000)
  from space 14848K, 90% used [0x00000000de080000,0x00000000dedb1338,0x00000000def00000)
  to   space 16384K, 0% used [0x00000000e1480000,0x00000000e1480000,0x00000000e2480000)
 ParOldGen       total 107520K, used 22213K [0x0000000081600000, 0x0000000087f00000, 0x00000000d5d00000)
  object space 107520K, 20% used [0x0000000081600000,0x0000000082bb1758,0x0000000087f00000)
 Metaspace       used 49254K, capacity 49688K, committed 50096K, reserved 1093632K
  class space    used 6360K, capacity 6495K, committed 6576K, reserved 1048576K
Event: 11.201 GC heap after
Heap after GC invocations=12 (full 2):
 PSYoungGen      total 184832K, used 12567K [0x00000000d5d00000, 0x00000000e2380000, 0x0000000100000000)
  eden space 169472K, 0% used [0x00000000d5d00000,0x00000000d5d00000,0x00000000e0280000)
  from space 15360K, 81% used [0x00000000e1480000,0x00000000e20c5eb8,0x00000000e2380000)
  to   space 16896K, 0% used [0x00000000e0280000,0x00000000e0280000,0x00000000e1300000)
 ParOldGen       total 107520K, used 22221K [0x0000000081600000, 0x0000000087f00000, 0x00000000d5d00000)
  object space 107520K, 20% used [0x0000000081600000,0x0000000082bb3758,0x0000000087f00000)
 Metaspace       used 49254K, capacity 49688K, committed 50096K, reserved 1093632K
  class space    used 6360K, capacity 6495K, committed 6576K, reserved 1048576K
}
Event: 16.144 GC heap before
{Heap before GC invocations=13 (full 2):
 PSYoungGen      total 184832K, used 182039K [0x00000000d5d00000, 0x00000000e2380000, 0x0000000100000000)
  eden space 169472K, 100% used [0x00000000d5d00000,0x00000000e0280000,0x00000000e0280000)
  from space 15360K, 81% used [0x00000000e1480000,0x00000000e20c5eb8,0x00000000e2380000)
  to   space 16896K, 0% used [0x00000000e0280000,0x00000000e0280000,0x00000000e1300000)
 ParOldGen       total 107520K, used 22221K [0x0000000081600000, 0x0000000087f00000, 0x00000000d5d00000)
  object space 107520K, 20% used [0x0000000081600000,0x0000000082bb3758,0x0000000087f00000)
 Metaspace       used 57701K, capacity 58292K, committed 58672K, reserved 1099776K
  class space    used 7244K, capacity 7399K, committed 7472K, reserved 1048576K
Event: 16.174 GC heap after
Heap after GC invocations=13 (full 2):
 PSYoungGen      total 186368K, used 16874K [0x00000000d5d00000, 0x00000000e4e00000, 0x0000000100000000)
  eden space 169472K, 0% used [0x00000000d5d00000,0x00000000d5d00000,0x00000000e0280000)
  from space 16896K, 99% used [0x00000000e0280000,0x00000000e12fabf0,0x00000000e1300000)
  to   space 18944K, 0% used [0x00000000e3b80000,0x00000000e3b80000,0x00000000e4e00000)
 ParOldGen       total 107520K, used 22923K [0x0000000081600000, 0x0000000087f00000, 0x00000000d5d00000)
  object space 107520K, 21% used [0x0000000081600000,0x0000000082c62d30,0x0000000087f00000)
 Metaspace       used 57701K, capacity 58292K, committed 58672K, reserved 1099776K
  class space    used 7244K, capacity 7399K, committed 7472K, reserved 1048576K
}

